<?xml version="1.0" encoding="UTF-8"?>
<testsuite name="TwoSumTests" tests="1" skipped="0" failures="0" errors="0" timestamp="2020-08-13T08:43:35" hostname="DESKTOP-7PIKGGP" time="0.013">
  <properties/>
  <testcase name="twoSumTest" classname="TwoSumTests" time="0.013"/>
  <system-out><![CDATA[]]></system-out>
  <system-err><![CDATA[]]></system-err>
</testsuite>
